<?xml version="1.0" encoding="UTF-8"?>
<testsuite name="com.aaxml.exceltoxml.ExcelToXmlApplicationTests" tests="1" skipped="0" failures="0" errors="0" timestamp="2026-04-05T04:59:22" hostname="SANJIT" time="1.127">
  <properties/>
  <testcase name="contextLoads()" classname="com.aaxml.exceltoxml.ExcelToXmlApplicationTests" time="1.127"/>
  <system-out><![CDATA[10:29:19.366 [Test worker] INFO org.springframework.test.context.support.AnnotationConfigContextLoaderUtils -- Could not detect default configuration classes for test class [com.aaxml.exceltoxml.ExcelToXmlApplicationTests]: ExcelToXmlApplicationTests does not declare any static, non-private, non-final, nested classes annotated with @Configuration.
10:29:19.538 [Test worker] INFO org.springframework.boot.test.context.SpringBootTestContextBootstrapper -- Found @SpringBootConfiguration com.aaxml.exceltoxml.ExcelToXmlApplication for test class com.aaxml.exceltoxml.ExcelToXmlApplicationTests

  .   ____          _            __ _ _
 /\\ / ___'_ __ _ _(_)_ __  __ _ \ \ \ \
( ( )\___ | '_ | '_| | '_ \/ _` | \ \ \ \
 \\/  ___)| |_)| | | | | || (_| |  ) ) ) )
  '  |____| .__|_| |_|_| |_\__, | / / / /
 =========|_|==============|___/=/_/_/_/

 :: Spring Boot ::                (v3.3.5)

2026-04-05T10:29:20.240+05:30  INFO 4596 --- [excel-to-xml] [    Test worker] c.a.e.ExcelToXmlApplicationTests         : Starting ExcelToXmlApplicationTests using Java 17.0.17 with PID 4596 (started by praja in D:\Export-to-XML)
2026-04-05T10:29:20.243+05:30  INFO 4596 --- [excel-to-xml] [    Test worker] c.a.e.ExcelToXmlApplicationTests         : No active profile set, falling back to 1 default profile: "default"
2026-04-05T10:29:22.062+05:30  INFO 4596 --- [excel-to-xml] [    Test worker] o.s.b.a.w.s.WelcomePageHandlerMapping    : Adding welcome page: class path resource [static/index.html]
2026-04-05T10:29:22.543+05:30  INFO 4596 --- [excel-to-xml] [    Test worker] c.a.e.ExcelToXmlApplicationTests         : Started ExcelToXmlApplicationTests in 2.692 seconds (process running for 4.583)
]]></system-out>
  <system-err><![CDATA[]]></system-err>
</testsuite>
