<?xml version="1.0" encoding="UTF-8"?>
<testsuite name="com.aaxml.exceltoxml.ExcelToXmlApplicationTests" tests="3" skipped="0" failures="0" errors="0" timestamp="2026-04-06T16:53:49" hostname="SANJIT" time="5.351">
  <properties/>
  <testcase name="convertsHoldingsExcelWithMoreThanFiftyRows()" classname="com.aaxml.exceltoxml.ExcelToXmlApplicationTests" time="5.034"/>
  <testcase name="contextLoads()" classname="com.aaxml.exceltoxml.ExcelToXmlApplicationTests" time="0.006"/>
  <testcase name="convertsTransactionsExcelWithMoreThanFiftyRows()" classname="com.aaxml.exceltoxml.ExcelToXmlApplicationTests" time="0.303"/>
  <system-out><![CDATA[22:23:45.832 [Test worker] INFO org.springframework.test.context.support.AnnotationConfigContextLoaderUtils -- Could not detect default configuration classes for test class [com.aaxml.exceltoxml.ExcelToXmlApplicationTests]: ExcelToXmlApplicationTests does not declare any static, non-private, non-final, nested classes annotated with @Configuration.
22:23:46.013 [Test worker] INFO org.springframework.boot.test.context.SpringBootTestContextBootstrapper -- Found @SpringBootConfiguration com.aaxml.exceltoxml.ExcelToXmlApplication for test class com.aaxml.exceltoxml.ExcelToXmlApplicationTests
2026-04-06T22:23:46.749+05:30  INFO 22180 --- [excel-to-xml] [    Test worker] c.a.e.ExcelToXmlApplicationTests         : Starting ExcelToXmlApplicationTests using Java 17.0.17 with PID 22180 (started by praja in D:\Export-to-XML)
2026-04-06T22:23:46.749+05:30  INFO 22180 --- [excel-to-xml] [    Test worker] c.a.e.ExcelToXmlApplicationTests         : No active profile set, falling back to 1 default profile: "default"
2026-04-06T22:23:48.410+05:30  INFO 22180 --- [excel-to-xml] [    Test worker] o.s.b.a.w.s.WelcomePageHandlerMapping    : Adding welcome page: class path resource [static/index.html]
2026-04-06T22:23:48.703+05:30  INFO 22180 --- [excel-to-xml] [    Test worker] c.a.e.ExcelToXmlApplicationTests         : Started ExcelToXmlApplicationTests in 2.415 seconds (process running for 4.463)
2026-04-06T22:23:48.859+05:30  INFO 22180 --- [excel-to-xml] [    Test worker] o.s.b.t.m.w.SpringBootMockServletContext : Initializing Spring TestDispatcherServlet ''
2026-04-06T22:23:48.860+05:30  INFO 22180 --- [excel-to-xml] [    Test worker] o.s.t.web.servlet.TestDispatcherServlet  : Initializing Servlet ''
2026-04-06T22:23:49.078+05:30  INFO 22180 --- [excel-to-xml] [    Test worker] o.s.t.web.servlet.TestDispatcherServlet  : Completed initialization in 215 ms
]]></system-out>
  <system-err><![CDATA[]]></system-err>
</testsuite>
