<?xml version="1.0" encoding="UTF-8"?>
<testsuite xmlns:xsi="http://www.w3.org/2001/XMLSchema-instance" xsi:noNamespaceSchemaLocation="https://maven.apache.org/surefire/maven-surefire-plugin/xsd/surefire-test-report-3.0.xsd" version="3.0" name="com.aaxml.exceltoxml.ExcelToXmlApplicationTests" time="8.82" tests="1" errors="0" skipped="0" failures="0">
  <properties>
[...]
</properties>
  <testcase name="contextLoads" classname="com.aaxml.exceltoxml.ExcelToXmlApplicationTests" time="2.396">
    <system-out><![CDATA[21:27:54.257 [main] INFO org.springframework.test.context.support.AnnotationConfigContextLoaderUtils -- Could not detect default configuration classes for test class [com.aaxml.exceltoxml.ExcelToXmlApplicationTests]: ExcelToXmlApplicationTests does not declare any static, non-private, non-final, nested classes annotated with @Configuration.
21:27:55.017 [main] INFO org.springframework.boot.test.context.SpringBootTestContextBootstrapper -- Found @SpringBootConfiguration com.aaxml.exceltoxml.ExcelToXmlApplication for test class com.aaxml.exceltoxml.ExcelToXmlApplicationTests

  .   ____          _            __ _ _
 /\\ / ___'_ __ _ _(_)_ __  __ _ \ \ \ \
( ( )\___ | '_ | '_| | '_ \/ _` | \ \ \ \
 \\/  ___)| |_)| | | | | || (_| |  ) ) ) )
  '  |____| .__|_| |_|_| |_\__, | / / / /
 =========|_|==============|___/=/_/_/_/

 :: Spring Boot ::                (v3.3.5)

2026-04-04T21:27:56.321+05:30  INFO 31104 --- [excel-to-xml] [           main] c.a.e.ExcelToXmlApplicationTests         : Starting ExcelToXmlApplicationTests using Java 17.0.17 with PID 31104 (started by praja in D:\Export-to-XML)
2026-04-04T21:27:56.326+05:30  INFO 31104 --- [excel-to-xml] [           main] c.a.e.ExcelToXmlApplicationTests         : No active profile set, falling back to 1 default profile: "default"
2026-04-04T21:27:59.012+05:30  INFO 31104 --- [excel-to-xml] [           main] o.s.b.a.w.s.WelcomePageHandlerMapping    : Adding welcome page: class path resource [static/index.html]
2026-04-04T21:27:59.871+05:30  INFO 31104 --- [excel-to-xml] [           main] c.a.e.ExcelToXmlApplicationTests         : Started ExcelToXmlApplicationTests in 4.395 seconds (process running for 8.494)
]]></system-out>
  </testcase>
</testsuite>